[INFO] Scanning for projects...
[INFO] 
[INFO] --------------------< com.performancepulse:backend >--------------------
[INFO] Building PerformancePulse Backend 0.0.1-SNAPSHOT
[INFO]   from pom.xml
[INFO] --------------------------------[ jar ]---------------------------------
[WARNING] The artifact mysql:mysql-connector-java:jar:8.0.33 has been relocated to com.mysql:mysql-connector-j:jar:8.0.33: MySQL Connector/J artifacts moved to reverse-DNS compliant Maven 2+ coordinates.
[INFO] 
[INFO] --- maven-clean-plugin:3.2.0:clean (default-clean) @ backend ---
[INFO] Deleting C:\Users\sujit\Downloads\FSAD-PS29-PerformancePulse-React\backend\target
[INFO] 
[INFO] --- maven-resources-plugin:3.2.0:resources (default-resources) @ backend ---
[INFO] Using 'UTF-8' encoding to copy filtered resources.
[INFO] Using 'UTF-8' encoding to copy filtered properties files.
[INFO] Copying 1 resource
[INFO] Copying 0 resource
[INFO] 
[INFO] --- maven-compiler-plugin:3.10.1:compile (default-compile) @ backend ---
[INFO] Changes detected - recompiling the module!
[INFO] Compiling 12 source files to C:\Users\sujit\Downloads\FSAD-PS29-PerformancePulse-React\backend\target\classes
[INFO] -------------------------------------------------------------
[ERROR] COMPILATION ERROR : 
[INFO] -------------------------------------------------------------
[ERROR] /C:/Users/sujit/Downloads/FSAD-PS29-PerformancePulse-React/backend/src/main/java/com/performancepulse/controllers/AuthController.java:[36,31] cannot find symbol
  symbol:   method of(org.springframework.security.core.authority.SimpleGrantedAuthority)
  location: interface java.util.List
[ERROR] /C:/Users/sujit/Downloads/FSAD-PS29-PerformancePulse-React/backend/src/main/java/com/performancepulse/controllers/StudentController.java:[74,28] cannot find symbol
  symbol:   method of(java.lang.String,int,java.lang.String,int)
  location: interface java.util.Map
[ERROR] /C:/Users/sujit/Downloads/FSAD-PS29-PerformancePulse-React/backend/src/main/java/com/performancepulse/controllers/StudentController.java:[87,28] cannot find symbol
  symbol:   method of(java.lang.String,int,java.lang.String,int)
  location: interface java.util.Map
[ERROR] /C:/Users/sujit/Downloads/FSAD-PS29-PerformancePulse-React/backend/src/main/java/com/performancepulse/controllers/StudentController.java:[90,39] cannot find symbol
  symbol:   method of(com.performancepulse.models.Student,com.performancepulse.models.Student)
  location: interface java.util.List
[ERROR] /C:/Users/sujit/Downloads/FSAD-PS29-PerformancePulse-React/backend/src/main/java/com/performancepulse/security/WebSecurityConfig.java:[74,45] cannot find symbol
  symbol:   method of(java.lang.String,java.lang.String)
  location: interface java.util.List
[ERROR] /C:/Users/sujit/Downloads/FSAD-PS29-PerformancePulse-React/backend/src/main/java/com/performancepulse/security/UserDetailsImpl.java:[30,50] cannot find symbol
  symbol:   method of(org.springframework.security.core.authority.SimpleGrantedAuthority)
  location: interface java.util.List
[INFO] 6 errors 
[INFO] -------------------------------------------------------------
[INFO] ------------------------------------------------------------------------
[INFO] BUILD FAILURE
[INFO] ------------------------------------------------------------------------
[INFO] Total time:  2.620 s
[INFO] Finished at: 2026-04-08T08:24:15+05:30
[INFO] ------------------------------------------------------------------------
[ERROR] Failed to execute goal org.apache.maven.plugins:maven-compiler-plugin:3.10.1:compile (default-compile) on project backend: Compilation failure: Compilation failure: 
[ERROR] /C:/Users/sujit/Downloads/FSAD-PS29-PerformancePulse-React/backend/src/main/java/com/performancepulse/controllers/AuthController.java:[36,31] cannot find symbol
[ERROR]   symbol:   method of(org.springframework.security.core.authority.SimpleGrantedAuthority)
[ERROR]   location: interface java.util.List
[ERROR] /C:/Users/sujit/Downloads/FSAD-PS29-PerformancePulse-React/backend/src/main/java/com/performancepulse/controllers/StudentController.java:[74,28] cannot find symbol
[ERROR]   symbol:   method of(java.lang.String,int,java.lang.String,int)
[ERROR]   location: interface java.util.Map
[ERROR] /C:/Users/sujit/Downloads/FSAD-PS29-PerformancePulse-React/backend/src/main/java/com/performancepulse/controllers/StudentController.java:[87,28] cannot find symbol
[ERROR]   symbol:   method of(java.lang.String,int,java.lang.String,int)
[ERROR]   location: interface java.util.Map
[ERROR] /C:/Users/sujit/Downloads/FSAD-PS29-PerformancePulse-React/backend/src/main/java/com/performancepulse/controllers/StudentController.java:[90,39] cannot find symbol
[ERROR]   symbol:   method of(com.performancepulse.models.Student,com.performancepulse.models.Student)
[ERROR]   location: interface java.util.List
[ERROR] /C:/Users/sujit/Downloads/FSAD-PS29-PerformancePulse-React/backend/src/main/java/com/performancepulse/security/WebSecurityConfig.java:[74,45] cannot find symbol
[ERROR]   symbol:   method of(java.lang.String,java.lang.String)
[ERROR]   location: interface java.util.List
[ERROR] /C:/Users/sujit/Downloads/FSAD-PS29-PerformancePulse-React/backend/src/main/java/com/performancepulse/security/UserDetailsImpl.java:[30,50] cannot find symbol
[ERROR]   symbol:   method of(org.springframework.security.core.authority.SimpleGrantedAuthority)
[ERROR]   location: interface java.util.List
[ERROR] -> [Help 1]
[ERROR] 
[ERROR] To see the full stack trace of the errors, re-run Maven with the -e switch.
[ERROR] Re-run Maven using the -X switch to enable full debug logging.
[ERROR] 
[ERROR] For more information about the errors and possible solutions, please read the following articles:
[ERROR] [Help 1] http://cwiki.apache.org/confluence/display/MAVEN/MojoFailureException
